Determining if the pthread_create exist failed with the following output:
Change Dir: /home/djh/ros_example/SCP/build/CMakeFiles/CMakeTmp

Run Build Command:"/usr/bin/make" "cmTC_9cb0b/fast"
/usr/bin/make -f CMakeFiles/cmTC_9cb0b.dir/build.make CMakeFiles/cmTC_9cb0b.dir/build
make[1]: Entering directory '/home/djh/ros_example/SCP/build/CMakeFiles/CMakeTmp'
Building C object CMakeFiles/cmTC_9cb0b.dir/CheckSymbolExists.c.o
/usr/bin/cc     -o CMakeFiles/cmTC_9cb0b.dir/CheckSymbolExists.c.o   -c /home/djh/ros_example/SCP/build/CMakeFiles/CMakeTmp/CheckSymbolExists.c
Linking C executable cmTC_9cb0b
/usr/bin/cmake -E cmake_link_script CMakeFiles/cmTC_9cb0b.dir/link.txt --verbose=1
/usr/bin/cc       CMakeFiles/cmTC_9cb0b.dir/CheckSymbolExists.c.o  -o cmTC_9cb0b -rdynamic 
CMakeFiles/cmTC_9cb0b.dir/CheckSymbolExists.c.o：在函数‘main’中：
CheckSymbolExists.c:(.text+0x16)：对‘pthread_create’未定义的引用
collect2: error: ld returned 1 exit status
CMakeFiles/cmTC_9cb0b.dir/build.make:97: recipe for target 'cmTC_9cb0b' failed
make[1]: *** [cmTC_9cb0b] Error 1
make[1]: Leaving directory '/home/djh/ros_example/SCP/build/CMakeFiles/CMakeTmp'
Makefile:126: recipe for target 'cmTC_9cb0b/fast' failed
make: *** [cmTC_9cb0b/fast] Error 2

File /home/djh/ros_example/SCP/build/CMakeFiles/CMakeTmp/CheckSymbolExists.c:
/* */
#include <pthread.h>

int main(int argc, char** argv)
{
  (void)argv;
#ifndef pthread_create
  return ((int*)(&pthread_create))[argc];
#else
  (void)argc;
  return 0;
#endif
}

Determining if the function pthread_create exists in the pthreads failed with the following output:
Change Dir: /home/djh/ros_example/SCP/build/CMakeFiles/CMakeTmp

Run Build Command:"/usr/bin/make" "cmTC_b7bc9/fast"
/usr/bin/make -f CMakeFiles/cmTC_b7bc9.dir/build.make CMakeFiles/cmTC_b7bc9.dir/build
make[1]: Entering directory '/home/djh/ros_example/SCP/build/CMakeFiles/CMakeTmp'
Building C object CMakeFiles/cmTC_b7bc9.dir/CheckFunctionExists.c.o
/usr/bin/cc    -DCHECK_FUNCTION_EXISTS=pthread_create   -o CMakeFiles/cmTC_b7bc9.dir/CheckFunctionExists.c.o   -c /usr/share/cmake-3.5/Modules/CheckFunctionExists.c
Linking C executable cmTC_b7bc9
/usr/bin/cmake -E cmake_link_script CMakeFiles/cmTC_b7bc9.dir/link.txt --verbose=1
/usr/bin/cc   -DCHECK_FUNCTION_EXISTS=pthread_create    CMakeFiles/cmTC_b7bc9.dir/CheckFunctionExists.c.o  -o cmTC_b7bc9 -rdynamic -lpthreads 
/usr/bin/ld: 找不到 -lpthreads
collect2: error: ld returned 1 exit status
CMakeFiles/cmTC_b7bc9.dir/build.make:97: recipe for target 'cmTC_b7bc9' failed
make[1]: *** [cmTC_b7bc9] Error 1
make[1]: Leaving directory '/home/djh/ros_example/SCP/build/CMakeFiles/CMakeTmp'
Makefile:126: recipe for target 'cmTC_b7bc9/fast' failed
make: *** [cmTC_b7bc9/fast] Error 2


